------------------------------------------------------------------------------------------------------------------------
      name:  <unnamed>
       log:  /Users/slm45/Dropbox/backup_Stata/mutz/log/mk-mutz-panel-merged-releases.log
  log type:  text
 opened on:  10 May 2018, 12:05:17

. 
. 
. ********************************************************************************
. ********************************************************************************
. *** Compare Mutz panel data for 1st and 2nd releases
. ********************************************************************************
. ********************************************************************************
. 
. * sort and subset for comparison
. tempfile panel1

. tempfile panel1subset

. tempfile panel2

. tempfile panel2subset

. tempfile panel3

. tempfile panel3subset

. 
. use rawdata/mutz-panel-first-release.dta, clear 

. sort MNO wave

. save `panel1'
file /var/folders/nb/51y2n3vn6wx7lfh5ckdjsjh40000gn/T//S_08684.000001 saved

. desc, s

Contains data from /var/folders/nb/51y2n3vn6wx7lfh5ckdjsjh40000gn/T//S_08684.000001
  obs:         3,698                          
 vars:            48                          10 May 2018 12:05
 size:     1,420,032                          
Sorted by: MNO  wave

. *** the following variables were deleted for the second release
. drop healthself demhealth rephealth healthdiffrep healthdiffdem party7 w0party3

. save `panel1subset'
file /var/folders/nb/51y2n3vn6wx7lfh5ckdjsjh40000gn/T//S_08684.000002 saved

. desc, s

Contains data from /var/folders/nb/51y2n3vn6wx7lfh5ckdjsjh40000gn/T//S_08684.000002
  obs:         3,698                          
 vars:            41                          10 May 2018 12:05
 size:     1,212,944                          
Sorted by: MNO  wave

. 
. use rawdata/mutz-panel-second-release.dta, clear 

. sort MNO wave

. save `panel2'
file /var/folders/nb/51y2n3vn6wx7lfh5ckdjsjh40000gn/T//S_08684.000003 saved

. desc, s

Contains data from /var/folders/nb/51y2n3vn6wx7lfh5ckdjsjh40000gn/T//S_08684.000003
  obs:         3,698                          
 vars:            51                          10 May 2018 12:05
 size:     1,423,730                          
Sorted by: MNO  wave

. *** the following variables were not in the first release
. drop demrepvote ppeducat sdoscale10 income voted2012 _merge difftherm ///
>  cutdifftherm prexparty3wave preincomewave

. save `panel2subset'
file /var/folders/nb/51y2n3vn6wx7lfh5ckdjsjh40000gn/T//S_08684.000004 saved

. desc, s

Contains data from /var/folders/nb/51y2n3vn6wx7lfh5ckdjsjh40000gn/T//S_08684.000004
  obs:         3,698                          
 vars:            41                          10 May 2018 12:05
 size:     1,212,944                          
Sorted by: MNO  wave

. 
. use rawdata/mutz-panel-third-release.dta, clear 

. sort MNO wave

. gen release3 = 1 /* file is simply a subset of r's; see table below */

. drop _merge

. save `panel3'
file /var/folders/nb/51y2n3vn6wx7lfh5ckdjsjh40000gn/T//S_08684.000005 saved

. desc, s

Contains data from /var/folders/nb/51y2n3vn6wx7lfh5ckdjsjh40000gn/T//S_08684.000005
  obs:         2,430                          
 vars:            51                          10 May 2018 12:05
 size:       942,840                          
Sorted by: MNO  wave

. 
. * compare
. use `panel1subset', clear 

. cf _all using `panel2', verbose

. 
. use `panel2subset', clear 

. cf _all using `panel1', verbose

. 
. *  Conclusion:  
. *   The subets of variables are the same, and so the two datasets can be merged
. 
. use `panel2', clear

. drop _merge

. merge 1:1 MNO wave using `panel1'

    Result                           # of obs.
    -----------------------------------------
    not matched                             0
    matched                             3,698  (_merge==3)
    -----------------------------------------

. tab _merge

                 _merge |      Freq.     Percent        Cum.
------------------------+-----------------------------------
            matched (3) |      3,698      100.00      100.00
------------------------+-----------------------------------
                  Total |      3,698      100.00

. drop _merge

.  
. merge 1:1 MNO wave using `panel3'
(label ppeducat already defined)
(label income already defined)

    Result                           # of obs.
    -----------------------------------------
    not matched                         1,268
        from master                     1,268  (_merge==1)
        from using                          0  (_merge==2)

    matched                             2,430  (_merge==3)
    -----------------------------------------

. tab _merge

                 _merge |      Freq.     Percent        Cum.
------------------------+-----------------------------------
        master only (1) |      1,268       34.29       34.29
            matched (3) |      2,430       65.71      100.00
------------------------+-----------------------------------
                  Total |      3,698      100.00

. drop _merge

. 
. desc, s

Contains data from /var/folders/nb/51y2n3vn6wx7lfh5ckdjsjh40000gn/T//S_08684.000003
  obs:         3,698                          
 vars:            58                          10 May 2018 12:05
 size:     1,641,912                          
Sorted by: MNO  wave
     Note: Dataset has changed since last saved.

. codebook, c

Variable       Obs Unique       Mean   Min     Max  Label
------------------------------------------------------------------------------------------------------------------------
MNO           3698   2471     555493   353  825656  Member Number
wave          2454      2         .5     0       1  
reptherm      2349     97     39.447     0     100  
demtherm      2374     99   45.18239     0     100  
demrepvote    2012      2   .4562624     0       1  
ppeducat      2454      4   2.892013     1       4  Education (Categorical)
tradeself     2405      7   3.641996     1       7  
economy       2435      5   2.822177     1       5  
personeco     2436      5   2.850575     1       5  
tradedem      2401      7   4.543107     1       7  
traderep      2401      7   3.526864     1       7  
chinarep      2408      7   3.542359     1       7  
chinadem      2410      7   4.537759     1       7  
chinaself     2413      7   3.191048     1       7  
proimmself    2412      7   3.823798     1       7  
proimmdems    2413      7    5.58765     1       7  
proimmreps    2408      7   2.782392     1       7  
tradeper      2387      5   2.645161     1       5  
xparty3       2448      3     2.0625     1       3  
sdoscale10    2424     35   3.998144     1      10  
income        2454     21   11.37816     1      21  Household Income
lookingfor~k  2454      2   .0448248     0       1  
sdo           2237     41   3.873789     1      10  
immdiffrep    2401      7   2.306955     0       6  
immdiffdem    2406      7   2.291355     0       6  
tradediffrep  2396      7   1.358514     0       6  
tradediffdem  2397      7    1.50897     0       6  
chinadiffrep  2405      7   1.621206     0       6  
chinadiffdem  2406      7   1.775145     0       6  
voted2016     3698      2   .7390481     0       1  
voted2012     3698      2   .7512169     0       1  
prelooking~k  2454      2   .0562347     0       1  
prepersoneco  2438      5   2.795734     1       5  
pretradeself  2404      7   3.797837     1       7  
preproimms~f  2406      7   3.655029     1       7  
prechinaself  2414      7   3.208782     1       7  
pretradedi~m  2390      7   1.169038     0       6  
preimmdiff~m  2396      7   2.235392     0       6  
prechinadi~m  2404      7   1.651414     0       6  
pretradedi~p  2388      7   1.185092     0       6  
preimmdiff~p  2390      7   2.097071     0       6  
prechinadi~p  2400      7   1.646667     0       6  
preeconomy    2428      5   2.779242     1       5  
prexparty3    2454      3   2.082315     1       3  
preincome     2454     19   11.23961     1      19  
pretradeper   2388      5   2.613065     1       5  
difftherm     2330    196  -5.513305  -100     100  
cutdifftherm  2330     20   9.627039     0      19  
prexparty3~e  2454      4   1.041157     0       3  
preincomew~e  2454     20   5.619804     0      19  
healthself    2416      7   3.704884     1       7  
demhealth     2410      7   5.685062     1       7  
rephealth     2416      7   2.171772     1       7  
healthdiff~p  2411      7   2.130651     0       6  
healthdiff~m  2405      7   2.224532     0       6  
party7        2448      7   4.167484     1       7  
w0party3      2454      3   2.082315     1       3  
release3      2430      1          1     1       1  
------------------------------------------------------------------------------------------------------------------------

. 
. recode release3 .=0
(release3: 1268 changes made)

. 
. tab release3 wave, m

           |               wave
  release3 |         0          1          . |     Total
-----------+---------------------------------+----------
         0 |         0         24      1,244 |     1,268 
         1 |     1,227      1,203          0 |     2,430 
-----------+---------------------------------+----------
     Total |     1,227      1,227      1,244 |     3,698 


. 
. /* 
>    Command above yields table below, showing that release3 exlucdes those with 
>    wave missing and 24 r's from wave1
>    
>            |               wave
>   release3 |         0          1          . |     Total
> -----------+---------------------------------+----------
>          0 |         0         24      1,244 |     1,268 
>          1 |     1,227      1,203          0 |     2,430 
> -----------+---------------------------------+----------
>      Total |     1,227      1,227      1,244 |     3,698 
> */
.          
. save data/mutz-panel-merged-releases.dta, replace 
file data/mutz-panel-merged-releases.dta saved

. 
. log close
      name:  <unnamed>
       log:  /Users/slm45/Dropbox/backup_Stata/mutz/log/mk-mutz-panel-merged-releases.log
  log type:  text
 closed on:  10 May 2018, 12:05:18
------------------------------------------------------------------------------------------------------------------------
